[debug] [2023-02-01T17:37:20.582Z] ----------------------------------------------------------------------
[debug] [2023-02-01T17:37:20.585Z] Command:       C:\productivity moved from hdd\nodejs\node.exe C:\Users\TEST\AppData\Roaming\npm\node_modules\firebase-tools\lib\bin\firebase.js init
[debug] [2023-02-01T17:37:20.586Z] CLI Version:   11.22.0
[debug] [2023-02-01T17:37:20.586Z] Platform:      win32
[debug] [2023-02-01T17:37:20.586Z] Node Version:  v18.13.0
[debug] [2023-02-01T17:37:20.587Z] Time:          Wed Feb 01 2023 23:07:20 GMT+0530 (India Standard Time)
[debug] [2023-02-01T17:37:20.588Z] ----------------------------------------------------------------------
[debug] 
[debug] [2023-02-01T17:37:20.592Z] >>> [apiv2][query] GET https://firebase-public.firebaseio.com/cli.json [none]
[debug] [2023-02-01T17:37:20.663Z] > command requires scopes: ["email","openid","https://www.googleapis.com/auth/cloudplatformprojects.readonly","https://www.googleapis.com/auth/firebase","https://www.googleapis.com/auth/cloud-platform"]
[debug] [2023-02-01T17:37:20.663Z] > authorizing via signed-in user (rajnishad24082003@gmail.com)
[info] 
     ######## #### ########  ######## ########     ###     ######  ########
     ##        ##  ##     ## ##       ##     ##  ##   ##  ##       ##
     ######    ##  ########  ######   ########  #########  ######  ######
     ##        ##  ##    ##  ##       ##     ## ##     ##       ## ##
     ##       #### ##     ## ######## ########  ##     ##  ######  ########

You're about to initialize a Firebase project in this directory:

  F:\git-repos\collegeweb

[debug] [2023-02-01T17:37:21.349Z] <<< [apiv2][status] GET https://firebase-public.firebaseio.com/cli.json 200
[debug] [2023-02-01T17:37:21.350Z] <<< [apiv2][body] GET https://firebase-public.firebaseio.com/cli.json {"cloudBuildErrorAfter":1594252800000,"cloudBuildWarnAfter":1590019200000,"defaultNode10After":1594252800000,"minVersion":"3.0.5","node8DeploysDisabledAfter":1613390400000,"node8RuntimeDisabledAfter":1615809600000,"node8WarnAfter":1600128000000}
